<?xml version="1.0" encoding="UTF-8"?>
<testsuite name="CinemaTests" tests="1" skipped="0" failures="0" errors="0" timestamp="2022-10-15T16:33:33" hostname="vynghg0710" time="3.632">
  <properties/>
  <testcase name="start" classname="CinemaTests" time="3.632"/>
  <system-out><![CDATA[?[1;31m
Start test 1?[0m
?[0;34m
?[0m?[0;34m2022-10-15 23:33:33.641  INFO 393730 --- [    Test worker] cinema.Main                              : Starting Main using Java 17.0.4.1 on vynghg0710 with PID 393730 (started by vynghg0710 in /home/vynghg0710/IdeaProjects/Cinema Room REST Service/Cinema Room REST Service/task)
?[0m?[0;34m2022-10-15 23:33:33.646  INFO 393730 --- [    Test worker] cinema.Main                              : No active profile set, falling back to default profiles: default
?[0m?[0;34m2022-10-15 23:33:34.965  INFO 393730 --- [    Test worker] o.s.b.w.embedded.tomcat.TomcatWebServer  : Tomcat initialized with port(s): 28852 (http)
?[0m?[0;34m2022-10-15 23:33:34.978  INFO 393730 --- [    Test worker] o.apache.catalina.core.StandardService   : Starting service [Tomcat]
?[0m?[0;34m2022-10-15 23:33:34.979  INFO 393730 --- [    Test worker] org.apache.catalina.core.StandardEngine  : Starting Servlet engine: [Apache Tomcat/9.0.54]
?[0m?[0;34m2022-10-15 23:33:35.055  INFO 393730 --- [    Test worker] o.a.c.c.C.[Tomcat].[localhost].[/]       : Initializing Spring embedded WebApplicationContext
?[0m?[0;34m2022-10-15 23:33:35.056  INFO 393730 --- [    Test worker] w.s.c.ServletWebServerApplicationContext : Root WebApplicationContext: initialization completed in 1356 ms
?[0m?[0;34m2022-10-15 23:33:35.811  INFO 393730 --- [    Test worker] o.s.b.a.e.web.EndpointLinksResolver      : Exposing 14 endpoint(s) beneath base path '/actuator'
?[0m?[0;34m2022-10-15 23:33:35.861  INFO 393730 --- [    Test worker] o.s.b.w.embedded.tomcat.TomcatWebServer  : Tomcat started on port(s): 28852 (http) with context path ''
?[0m?[0;34m2022-10-15 23:33:35.877  INFO 393730 --- [    Test worker] cinema.Main                              : Started Main in 2.594 seconds (JVM running for 3.387)
?[0;34m2022-10-15 23:33:36.262  INFO 393730 --- [io-28852-exec-1] o.a.c.c.C.[Tomcat].[localhost].[/]       : Initializing Spring DispatcherServlet 'dispatcherServlet'
?[0m?[0;34m2022-10-15 23:33:36.262  INFO 393730 --- [io-28852-exec-1] o.s.web.servlet.DispatcherServlet        : Initializing Servlet 'dispatcherServlet'
?[0m?[0;34m2022-10-15 23:33:36.264  INFO 393730 --- [io-28852-exec-1] o.s.web.servlet.DispatcherServlet        : Completed initialization in 1 ms
?[0m?[1;31m
Start test 2?[0m
?[1;31m
Start test 3?[0m
?[1;31m
Start test 4?[0m
?[1;31m
Start test 5?[0m
?[1;31m
Start test 6?[0m
?[1;31m
Start test 7?[0m
?[1;31m
Start test 8?[0m
?[1;31m
Start test 9?[0m
?[1;31m
Start test 10?[0m
?[1;31m
Start test 11?[0m
?[1;31m
Start test 12?[0m
]]></system-out>
  <system-err><![CDATA[]]></system-err>
</testsuite>
